\BOOKMARK [1][-]{section.1}{Model conceptualisation}{}% 1
\BOOKMARK [2][-]{subsection.1.1}{Time}{section.1}% 2
\BOOKMARK [2][-]{subsection.1.2}{The policy arena}{section.1}% 3
\BOOKMARK [2][-]{subsection.1.3}{The agents and the environment}{section.1}% 4
\BOOKMARK [2][-]{subsection.1.4}{The interactions}{section.1}% 5
\BOOKMARK [1][-]{section.2}{Model formalisation \(+PL\)}{}% 6
\BOOKMARK [2][-]{subsection.2.1}{The process}{section.2}% 7
\BOOKMARK [2][-]{subsection.2.2}{The agents}{section.2}% 8
\BOOKMARK [2][-]{subsection.2.3}{The actions and interactions}{section.2}% 9
\BOOKMARK [1][-]{section.3}{Model formalisation}{}% 10
\BOOKMARK [2][-]{subsection.3.1}{The process}{section.3}% 11
\BOOKMARK [2][-]{subsection.3.2}{The agents}{section.3}% 12
\BOOKMARK [2][-]{subsection.3.3}{The actions and interactions}{section.3}% 13
\BOOKMARK [1][-]{section.4}{Model formalisation}{}% 14
\BOOKMARK [2][-]{subsection.4.1}{The process}{section.4}% 15
\BOOKMARK [2][-]{subsection.4.2}{The agents}{section.4}% 16
\BOOKMARK [2][-]{subsection.4.3}{The actions and interactions}{section.4}% 17
\BOOKMARK [1][-]{section.5}{Model formalisation}{}% 18
\BOOKMARK [2][-]{subsection.5.1}{The process}{section.5}% 19
\BOOKMARK [2][-]{subsection.5.2}{The agents}{section.5}% 20
\BOOKMARK [2][-]{subsection.5.3}{The actions and interactions}{section.5}% 21
